2025-08-13 16:51:44.137 [TestNG-tests-1] INFO  Weaversweb.test.TestListener - STARTED TEST: Verify_user_can_login_with_valid_credentials
2025-08-13 16:51:44.163 [TestNG-tests-1] INFO  com.Weaversweb.base.BasePage - Initialized page: LoginPage
2025-08-13 16:51:44.166 [TestNG-tests-1] INFO  com.Weaversweb.pages.LoginPage - Performing login action with provided credentials
2025-08-13 16:51:44.167 [TestNG-tests-1] INFO  com.Weaversweb.pages.LoginPage - Entering username: vdadmin@yopmail.com
2025-08-13 16:51:44.168 [TestNG-tests-1] INFO  com.Weaversweb.base.BasePage - Typing 'vdadmin@yopmail.com' in: //input[@id='email']
2025-08-13 16:51:44.634 [TestNG-tests-1] INFO  com.Weaversweb.pages.LoginPage - Entering password: VDadmin@123
2025-08-13 16:51:44.634 [TestNG-tests-1] INFO  com.Weaversweb.base.BasePage - Typing 'VDadmin@123' in: //input[@id='password']
2025-08-13 16:51:44.654 [TestNG-tests-1] INFO  com.Weaversweb.pages.LoginPage - Clicking login button
2025-08-13 16:51:44.654 [TestNG-tests-1] INFO  com.Weaversweb.base.BasePage - Clicking element: //button[@type='submit']
2025-08-13 16:51:44.654 [TestNG-tests-1] INFO  com.Weaversweb.base.BasePage - Waiting for element visible: //button[@type='submit']
2025-08-13 16:51:44.746 [TestNG-tests-1] INFO  com.Weaversweb.pages.LoginPage - Fetching SucessFully Login Message 
2025-08-13 16:51:44.748 [TestNG-tests-1] INFO  com.Weaversweb.base.BasePage - Getting text from: //div[@class='Toastify__toast Toastify__toast-theme--light Toastify__toast--success']
2025-08-13 16:51:48.548 [TestNG-tests-1] INFO  com.Weaversweb.pages.LoginPage - Fetching dashboard header text
2025-08-13 16:51:48.548 [TestNG-tests-1] INFO  com.Weaversweb.base.BasePage - Getting text from: //div[@class='title-wrap']
2025-08-13 16:51:48.557 [TestNG-tests-1] INFO  Weaversweb.test.TestListener - PASSED TEST: Verify_user_can_login_with_valid_credentials
2025-08-13 16:51:52.255 [TestNG-tests-1] INFO  Weaversweb.test.TestListener - STARTED TEST: Verify_user_can_login_with_Invalid_credentias
2025-08-13 16:51:52.263 [TestNG-tests-1] INFO  com.Weaversweb.base.BasePage - Initialized page: LoginPage
2025-08-13 16:51:52.265 [TestNG-tests-1] INFO  com.Weaversweb.pages.LoginPage - Performing login action with provided credentials
2025-08-13 16:51:52.266 [TestNG-tests-1] INFO  com.Weaversweb.pages.LoginPage - Entering username: johndonald1212@yopmail.com
2025-08-13 16:51:52.266 [TestNG-tests-1] INFO  com.Weaversweb.base.BasePage - Typing 'johndonald1212@yopmail.com' in: //input[@id='email']
2025-08-13 16:51:52.925 [TestNG-tests-1] INFO  com.Weaversweb.pages.LoginPage - Entering password: VDadmin@123
2025-08-13 16:51:52.926 [TestNG-tests-1] INFO  com.Weaversweb.base.BasePage - Typing 'VDadmin@123' in: //input[@id='password']
2025-08-13 16:51:53.031 [TestNG-tests-1] INFO  com.Weaversweb.pages.LoginPage - Clicking login button
2025-08-13 16:51:53.034 [TestNG-tests-1] INFO  com.Weaversweb.base.BasePage - Clicking element: //button[@type='submit']
2025-08-13 16:51:53.037 [TestNG-tests-1] INFO  com.Weaversweb.base.BasePage - Waiting for element visible: //button[@type='submit']
2025-08-13 16:51:53.276 [TestNG-tests-1] INFO  com.Weaversweb.pages.LoginPage - Fetching Error Message text
2025-08-13 16:51:53.276 [TestNG-tests-1] INFO  com.Weaversweb.base.BasePage - Getting text from: //div[@class='Toastify__toast Toastify__toast-theme--light Toastify__toast--error']
2025-08-13 16:51:56.075 [TestNG-tests-1] INFO  Weaversweb.test.TestListener - PASSED TEST: Verify_user_can_login_with_Invalid_credentias
2025-08-13 16:51:59.697 [TestNG-tests-1] INFO  Weaversweb.test.TestListener - STARTED TEST: Verify_Login_Empty_field
2025-08-13 16:51:59.699 [TestNG-tests-1] INFO  com.Weaversweb.base.BasePage - Initialized page: LoginPage
2025-08-13 16:51:59.700 [TestNG-tests-1] INFO  com.Weaversweb.pages.LoginPage - Clicking login button
2025-08-13 16:51:59.700 [TestNG-tests-1] INFO  com.Weaversweb.base.BasePage - Clicking element: //button[@type='submit']
2025-08-13 16:51:59.700 [TestNG-tests-1] INFO  com.Weaversweb.base.BasePage - Waiting for element visible: //button[@type='submit']
2025-08-13 16:52:00.693 [TestNG-tests-1] INFO  com.Weaversweb.base.BasePage - Getting text from: //p[@id='email-helper-text']
2025-08-13 16:52:00.705 [TestNG-tests-1] INFO  com.Weaversweb.base.BasePage - Getting text from: //p[@id='password-helper-text']
2025-08-13 16:52:00.725 [TestNG-tests-1] INFO  Weaversweb.test.TestListener - PASSED TEST: Verify_Login_Empty_field
2025-08-13 16:52:04.151 [TestNG-tests-1] INFO  Weaversweb.test.TestListener - STARTED TEST: Verify_user_can_login_with_Invalid_UsernameAndPassword
2025-08-13 16:52:04.153 [TestNG-tests-1] INFO  com.Weaversweb.base.BasePage - Initialized page: LoginPage
2025-08-13 16:52:04.154 [TestNG-tests-1] INFO  com.Weaversweb.pages.LoginPage - Performing login action with provided credentials
2025-08-13 16:52:04.154 [TestNG-tests-1] INFO  com.Weaversweb.pages.LoginPage - Entering username: johndonald1212@yopmail.com
2025-08-13 16:52:04.154 [TestNG-tests-1] INFO  com.Weaversweb.base.BasePage - Typing 'johndonald1212@yopmail.com' in: //input[@id='email']
2025-08-13 16:52:05.044 [TestNG-tests-1] INFO  com.Weaversweb.pages.LoginPage - Entering password: VDadm21in@12312121
2025-08-13 16:52:05.044 [TestNG-tests-1] INFO  com.Weaversweb.base.BasePage - Typing 'VDadm21in@12312121' in: //input[@id='password']
2025-08-13 16:52:05.092 [TestNG-tests-1] INFO  com.Weaversweb.pages.LoginPage - Clicking login button
2025-08-13 16:52:05.094 [TestNG-tests-1] INFO  com.Weaversweb.base.BasePage - Clicking element: //button[@type='submit']
2025-08-13 16:52:05.094 [TestNG-tests-1] INFO  com.Weaversweb.base.BasePage - Waiting for element visible: //button[@type='submit']
2025-08-13 16:52:05.260 [TestNG-tests-1] INFO  com.Weaversweb.pages.LoginPage - Fetching Error Message text
2025-08-13 16:52:05.261 [TestNG-tests-1] INFO  com.Weaversweb.base.BasePage - Getting text from: //div[@class='Toastify__toast Toastify__toast-theme--light Toastify__toast--error']
2025-08-13 16:52:08.052 [TestNG-tests-1] INFO  Weaversweb.test.TestListener - PASSED TEST: Verify_user_can_login_with_Invalid_UsernameAndPassword
2025-08-13 16:52:11.661 [TestNG-tests-1] INFO  Weaversweb.test.TestListener - STARTED TEST: SucessFullyLoginAndLogout
2025-08-13 16:52:11.662 [TestNG-tests-1] INFO  com.Weaversweb.base.BasePage - Initialized page: LoginPage
2025-08-13 16:52:11.664 [TestNG-tests-1] INFO  com.Weaversweb.base.BasePage - Initialized page: MenuPage
2025-08-13 16:52:11.664 [TestNG-tests-1] INFO  com.Weaversweb.pages.LoginPage - Performing login action with provided credentials
2025-08-13 16:52:11.664 [TestNG-tests-1] INFO  com.Weaversweb.pages.LoginPage - Entering username: vdadmin@yopmail.com
2025-08-13 16:52:11.664 [TestNG-tests-1] INFO  com.Weaversweb.base.BasePage - Typing 'vdadmin@yopmail.com' in: //input[@id='email']
2025-08-13 16:52:12.179 [TestNG-tests-1] INFO  com.Weaversweb.pages.LoginPage - Entering password: VDadmin@123
2025-08-13 16:52:12.180 [TestNG-tests-1] INFO  com.Weaversweb.base.BasePage - Typing 'VDadmin@123' in: //input[@id='password']
2025-08-13 16:52:12.197 [TestNG-tests-1] INFO  com.Weaversweb.pages.LoginPage - Clicking login button
2025-08-13 16:52:12.197 [TestNG-tests-1] INFO  com.Weaversweb.base.BasePage - Clicking element: //button[@type='submit']
2025-08-13 16:52:12.197 [TestNG-tests-1] INFO  com.Weaversweb.base.BasePage - Waiting for element visible: //button[@type='submit']
2025-08-13 16:52:12.312 [TestNG-tests-1] INFO  com.Weaversweb.pages.LoginPage - Fetching SucessFully Login Message 
2025-08-13 16:52:12.313 [TestNG-tests-1] INFO  com.Weaversweb.base.BasePage - Getting text from: //div[@class='Toastify__toast Toastify__toast-theme--light Toastify__toast--success']
2025-08-13 16:52:15.614 [TestNG-tests-1] INFO  com.Weaversweb.pages.LoginPage - Fetching dashboard header text
2025-08-13 16:52:15.614 [TestNG-tests-1] INFO  com.Weaversweb.base.BasePage - Getting text from: //div[@class='title-wrap']
2025-08-13 16:52:15.620 [TestNG-tests-1] INFO  com.Weaversweb.pages.LoginPage - Performing Logout 
2025-08-13 16:52:15.620 [TestNG-tests-1] INFO  com.Weaversweb.base.BasePage - Clicking element: //a[normalize-space()='Logout']
2025-08-13 16:52:15.620 [TestNG-tests-1] INFO  com.Weaversweb.base.BasePage - Waiting for element visible: //a[normalize-space()='Logout']
2025-08-13 16:52:15.694 [TestNG-tests-1] INFO  com.Weaversweb.base.BasePage - Clicking element: //button[normalize-space()='Yes, logout']
2025-08-13 16:52:15.694 [TestNG-tests-1] INFO  com.Weaversweb.base.BasePage - Waiting for element visible: //button[normalize-space()='Yes, logout']
2025-08-13 16:52:16.495 [TestNG-tests-1] INFO  com.Weaversweb.pages.LoginPage - Sucesfully Click Logout 
2025-08-13 16:52:16.495 [TestNG-tests-1] INFO  com.Weaversweb.pages.LoginPage - Fetching Welcone Text
2025-08-13 16:52:16.496 [TestNG-tests-1] INFO  com.Weaversweb.base.BasePage - Getting text from: //div[@class='auth-card']/h3
2025-08-13 16:52:16.858 [TestNG-tests-1] INFO  Weaversweb.test.TestListener - PASSED TEST: SucessFullyLoginAndLogout
2025-08-13 16:52:20.257 [TestNG-tests-1] INFO  Weaversweb.test.TestListener - STARTED TEST: loginWithVendorMailandPassword
2025-08-13 16:52:20.257 [TestNG-tests-1] INFO  com.Weaversweb.base.BasePage - Initialized page: LoginPage
2025-08-13 16:52:20.257 [TestNG-tests-1] INFO  com.Weaversweb.pages.LoginPage - Performing login action with provided credentials
2025-08-13 16:52:20.258 [TestNG-tests-1] INFO  com.Weaversweb.pages.LoginPage - Entering username: johndonald@yopmail.com
2025-08-13 16:52:20.258 [TestNG-tests-1] INFO  com.Weaversweb.base.BasePage - Typing 'johndonald@yopmail.com' in: //input[@id='email']
2025-08-13 16:52:21.124 [TestNG-tests-1] INFO  com.Weaversweb.pages.LoginPage - Entering password: Password@800
2025-08-13 16:52:21.124 [TestNG-tests-1] INFO  com.Weaversweb.base.BasePage - Typing 'Password@800' in: //input[@id='password']
2025-08-13 16:52:21.157 [TestNG-tests-1] INFO  com.Weaversweb.pages.LoginPage - Clicking login button
2025-08-13 16:52:21.158 [TestNG-tests-1] INFO  com.Weaversweb.base.BasePage - Clicking element: //button[@type='submit']
2025-08-13 16:52:21.158 [TestNG-tests-1] INFO  com.Weaversweb.base.BasePage - Waiting for element visible: //button[@type='submit']
2025-08-13 16:52:21.295 [TestNG-tests-1] INFO  com.Weaversweb.pages.LoginPage - Fetching Error Message text
2025-08-13 16:52:21.296 [TestNG-tests-1] INFO  com.Weaversweb.base.BasePage - Getting text from: //div[@class='Toastify__toast Toastify__toast-theme--light Toastify__toast--error']
2025-08-13 16:52:24.103 [TestNG-tests-1] INFO  Weaversweb.test.TestListener - PASSED TEST: loginWithVendorMailandPassword
2025-08-13 16:52:27.519 [TestNG-tests-1] INFO  Weaversweb.test.TestListener - STARTED TEST: forgotPasword
2025-08-13 16:52:27.520 [TestNG-tests-1] INFO  com.Weaversweb.base.BasePage - Initialized page: LoginPage
2025-08-13 16:52:27.520 [TestNG-tests-1] INFO  com.Weaversweb.pages.LoginPage - Redireacting to forgot password 
2025-08-13 16:52:27.520 [TestNG-tests-1] INFO  com.Weaversweb.base.BasePage - Clicking element: //a[normalize-space()='Forgot Password?']
2025-08-13 16:52:27.520 [TestNG-tests-1] INFO  com.Weaversweb.base.BasePage - Waiting for element visible: //a[normalize-space()='Forgot Password?']
2025-08-13 16:52:28.445 [TestNG-tests-1] INFO  com.Weaversweb.base.BasePage - Initialized page: ForgotPassword
2025-08-13 16:52:28.445 [TestNG-tests-1] INFO  com.Weaversweb.base.BasePage - Typing 'vdadmin@yopmail.com' in: //input[@id='email']
2025-08-13 16:52:28.473 [TestNG-tests-1] INFO  com.Weaversweb.pages.LoginPage - Enter Email id 
2025-08-13 16:52:28.473 [TestNG-tests-1] INFO  com.Weaversweb.base.BasePage - Clicking element: //button[@type='submit']
2025-08-13 16:52:28.473 [TestNG-tests-1] INFO  com.Weaversweb.base.BasePage - Waiting for element visible: //button[@type='submit']
2025-08-13 16:52:28.593 [TestNG-tests-1] INFO  com.Weaversweb.pages.LoginPage - Enter Send Button 
2025-08-13 16:52:46.040 [TestNG-tests-1] ERROR Weaversweb.test.TestListener - FAILED TEST: forgotPasword
2025-08-13 16:52:47.284 [TestNG-tests-1] ERROR Weaversweb.basetest.BaseTest - FAILED - Screenshot captured: reports/screenshots/failed/forgotPasword_1755084166040.png
2025-08-13 16:52:47.284 [TestNG-tests-1] ERROR Weaversweb.test.TestListener - Screenshot saved to: reports/screenshots/failed/forgotPasword_1755084166040.png
2025-08-13 16:52:49.476 [TestNG-tests-1] INFO  Weaversweb.test.TestListener - TEST EXECUTION FINISHED
